<?xml version="1.0" encoding="UTF-8"?>
<testng-results skipped="0" failed="1" ignored="3" total="4" passed="0">
  <reporter-output>
  </reporter-output>
  <suite name="Default suite" duration-ms="9154" started-at="2021-08-18T08:11:16Z" finished-at="2021-08-18T08:11:25Z">
    <groups>
    </groups>
    <test name="Default test" duration-ms="9154" started-at="2021-08-18T08:11:16Z" finished-at="2021-08-18T08:11:25Z">
      <class name="com.restapi.RestAPIDemoTraining.restcountries.GetWeatherByName">
        <test-method status="PASS" signature="setup()[pri:0, instance:com.restapi.RestAPIDemoTraining.restcountries.GetWeatherByName@d8355a8]" name="setup" is-config="true" duration-ms="1061" started-at="2021-08-18T08:11:16Z" finished-at="2021-08-18T08:11:17Z">
          <reporter-output>
          </reporter-output>
        </test-method> <!-- setup -->
        <test-method status="FAIL" signature="getWeatherByLongitudeAndLatitude()[pri:0, instance:com.restapi.RestAPIDemoTraining.restcountries.GetWeatherByName@d8355a8]" name="getWeatherByLongitudeAndLatitude" duration-ms="8054" started-at="2021-08-18T08:11:17Z" finished-at="2021-08-18T08:11:25Z">
          <exception class="junit.framework.ComparisonFailure">
            <message>
              <![CDATA[expected:<Light rain> but was:<Drizzle>]]>
            </message>
            <full-stacktrace>
              <![CDATA[junit.framework.ComparisonFailure: expected:<Light rain> but was:<Drizzle>
at junit.framework.Assert.assertEquals(Assert.java:81)
at junit.framework.Assert.assertEquals(Assert.java:87)
at com.restapi.RestAPIDemoTraining.restcountries.GetWeatherByName.getWeatherByLongitudeAndLatitude(GetWeatherByName.java:81)
at sun.reflect.NativeMethodAccessorImpl.invoke0(Native Method)
at sun.reflect.NativeMethodAccessorImpl.invoke(Unknown Source)
at sun.reflect.DelegatingMethodAccessorImpl.invoke(Unknown Source)
at java.lang.reflect.Method.invoke(Unknown Source)
at org.testng.internal.MethodInvocationHelper.invokeMethod(MethodInvocationHelper.java:124)
at org.testng.internal.Invoker.invokeMethod(Invoker.java:583)
at org.testng.internal.Invoker.invokeTestMethod(Invoker.java:719)
at org.testng.internal.Invoker.invokeTestMethods(Invoker.java:989)
at org.testng.internal.TestMethodWorker.invokeTestMethods(TestMethodWorker.java:125)
at org.testng.internal.TestMethodWorker.run(TestMethodWorker.java:109)
at org.testng.TestRunner.privateRun(TestRunner.java:648)
at org.testng.TestRunner.run(TestRunner.java:505)
at org.testng.SuiteRunner.runTest(SuiteRunner.java:455)
at org.testng.SuiteRunner.runSequentially(SuiteRunner.java:450)
at org.testng.SuiteRunner.privateRun(SuiteRunner.java:415)
at org.testng.SuiteRunner.run(SuiteRunner.java:364)
at org.testng.SuiteRunnerWorker.runSuite(SuiteRunnerWorker.java:52)
at org.testng.SuiteRunnerWorker.run(SuiteRunnerWorker.java:84)
at org.testng.TestNG.runSuitesSequentially(TestNG.java:1208)
at org.testng.TestNG.runSuitesLocally(TestNG.java:1137)
at org.testng.TestNG.runSuites(TestNG.java:1049)
at org.testng.TestNG.run(TestNG.java:1017)
at org.testng.remote.AbstractRemoteTestNG.run(AbstractRemoteTestNG.java:132)
at org.testng.remote.RemoteTestNG.initAndRun(RemoteTestNG.java:230)
at org.testng.remote.RemoteTestNG.main(RemoteTestNG.java:76)
]]>
            </full-stacktrace>
          </exception> <!-- junit.framework.ComparisonFailure -->
          <reporter-output>
          </reporter-output>
        </test-method> <!-- getWeatherByLongitudeAndLatitude -->
      </class> <!-- com.restapi.RestAPIDemoTraining.restcountries.GetWeatherByName -->
    </test> <!-- Default test -->
  </suite> <!-- Default suite -->
</testng-results>
